<?xml version="1.0" encoding="UTF-8"?>
<!-- Generated by org.testng.reporters.JUnitXMLReporter -->
<testsuite ignored="0" hostname="DESKTOP-3866FF9" failures="0" tests="7" name="Default test" time="22.238" errors="0" timestamp="2024-12-26T02:08:46 PST">
  <testcase classname="com.qc.testng.test.LoginTest" name="doLogin" time="0.859"/>
  <testcase classname="com.qc.testng.test.LoginTest" name="doLogin" time="0.277"/>
  <testcase classname="com.qc.testng.test.LoginTest" name="doLogin" time="0.662"/>
  <testcase classname="com.qc.testng.test.LoginTest" name="doLogin" time="0.518"/>
  <testcase classname="com.qc.testng.test.LoginTest" name="doLogin" time="0.296"/>
  <testcase classname="com.qc.testng.test.LoginTest" name="doLogin" time="0.246"/>
  <testcase classname="com.qc.testng.test.LoginTest" name="doLogin" time="0.283"/>
</testsuite> <!-- Default test -->
