<?xml version="1.0" encoding="UTF-8"?>
<!-- Generated by org.testng.reporters.JUnitXMLReporter -->
<testsuite ignored="0" hostname="DESKTOP-3866FF9" failures="0" tests="13" name="Test" time="74.203" errors="0" timestamp="2024-12-26T18:22:24 PST">
  <testcase classname="com.qc.testng.test.RegisterTest" name="doRegister" time="2.085"/>
  <testcase classname="com.qc.testng.test.RegisterTest" name="doRegister" time="2.673"/>
  <testcase classname="com.qc.testng.test.RegisterTest" name="doRegister" time="1.788"/>
  <testcase classname="com.qc.testng.test.RegisterTest" name="doRegister" time="3.865"/>
  <testcase classname="com.qc.testng.test.RegisterTest" name="doRegister" time="3.378"/>
  <testcase classname="com.qc.testng.test.RegisterTest" name="doRegister" time="2.987"/>
  <testcase classname="com.qc.testng.test.LoginTest" name="doLogin" time="1.661"/>
  <testcase classname="com.qc.testng.test.LoginTest" name="doLogin" time="2.542"/>
  <testcase classname="com.qc.testng.test.LoginTest" name="doLogin" time="1.353"/>
  <testcase classname="com.qc.testng.test.LoginTest" name="doLogin" time="0.792"/>
  <testcase classname="com.qc.testng.test.LoginTest" name="doLogin" time="1.307"/>
  <testcase classname="com.qc.testng.test.LoginTest" name="doLogin" time="1.947"/>
  <testcase classname="com.qc.testng.test.LoginTest" name="doLogin" time="2.228"/>
</testsuite> <!-- Test -->
